\BOOKMARK [0][-]{chapter.1}{Prerequisites}{}% 1
\BOOKMARK [0][-]{chapter.2}{Introduction\040to\040R}{}% 2
\BOOKMARK [1][-]{section*.1}{기본 동작에 관한 소개}{chapter.2}% 3
\BOOKMARK [1][-]{section*.2}{R의 연산자\(operations\)}{chapter.2}% 4
\BOOKMARK [1][-]{section*.3}{R의 기본적인 자료 유형}{chapter.2}% 5
\BOOKMARK [2][-]{section*.4}{논리형 연산자 \(Logical operators\)}{section*.3}% 6
\BOOKMARK [1][-]{section*.5}{벡터 \(Vectors\)}{chapter.2}% 7
\BOOKMARK [1][-]{section*.6}{매트릭스 \(Matrices\)}{chapter.2}% 8
\BOOKMARK [1][-]{section*.7}{데이터프레임 \(Data frame\)}{chapter.2}% 9
\BOOKMARK [1][-]{section*.8}{티블 \(Tibbles\)}{chapter.2}% 10
\BOOKMARK [1][-]{section*.9}{패키지 \(Packages\)}{chapter.2}% 11
\BOOKMARK [1][-]{section*.10}{디렉토리 생성 코드}{chapter.2}% 12
\BOOKMARK [1][-]{section*.11}{용례 \(A working example\)}{chapter.2}% 13
\BOOKMARK [1][-]{section*.12}{기타 참고자료}{chapter.2}% 14
\BOOKMARK [0][-]{chapter.3}{Introduction\040to\040Data}{}% 15
\BOOKMARK [1][-]{section*.13}{작업 디렉토리 설정}{chapter.3}% 16
\BOOKMARK [1][-]{section*.14}{무작위 추출\(Random Draws\)}{chapter.3}% 17
\BOOKMARK [1][-]{section*.15}{루프-반복\(Loops\)}{chapter.3}% 18
\BOOKMARK [1][-]{section*.16}{Rplots를 파일의 형태로 저장하기}{chapter.3}% 19
\BOOKMARK [1][-]{section*.17}{데이터 다루기 기본}{chapter.3}% 20
\BOOKMARK [2][-]{section*.18}{데이터에 새로운 변수 & 더미변수 만들기}{section*.17}% 21
\BOOKMARK [2][-]{section*.19}{다른 유형의 데이터 불러오기 \(Loading data in different formats\)}{section*.17}% 22
\BOOKMARK [2][-]{section*.20}{자료 머징하기 \(Using Data Merging\)}{section*.17}% 23
\BOOKMARK [2][-]{section*.21}{예제: correlatesofwar.org에서 capabilities 데이터셋을 불러오기}{section*.17}% 24
\BOOKMARK [1][-]{section*.22}{요약통계표를 .tex 파일로 저장하기}{chapter.3}% 25
\BOOKMARK [1][-]{section*.23}{서로 다른 분석수준\(lower & higher\) 통합하기}{chapter.3}% 26
\BOOKMARK [0][-]{chapter.4}{Probability\040into\040R}{}% 27
\BOOKMARK [1][-]{section*.24}{주사위굴리기 게임!}{chapter.4}% 28
\BOOKMARK [0][-]{chapter.5}{Applications}{}% 29
\BOOKMARK [1][-]{section*.25}{Example\040one}{chapter.5}% 30
\BOOKMARK [1][-]{section*.26}{Example\040two}{chapter.5}% 31
\BOOKMARK [0][-]{chapter.6}{Final\040Words}{}% 32
